<?xml version="1.0" encoding="UTF-8"?>
<!-- Generated by org.testng.reporters.JUnitReportReporter -->
<testsuite hostname="LAPTOP-R0FI7S9S" failures="0" tests="1" name="testRunner.TestRunner" time="19.494" errors="0" timestamp="2024-01-24T11:15:02 CST" skipped="0">
  <testcase classname="testRunner.TestRunner" name="runScenario" time="19.494"/>
  <system-out/>
</testsuite> <!-- testRunner.TestRunner -->
