<?xml version="1.0" encoding="UTF-8"?>
<!-- Generated by org.testng.reporters.JUnitReportReporter -->
<testsuite hostname="LAPTOP-R0FI7S9S" failures="0" tests="1" name="testRunner.TestRunner" time="17.783" errors="0" timestamp="2023-06-21T12:09:16 CDT" skipped="0">
  <testcase classname="testRunner.TestRunner" name="runScenario" time="17.783"/>
  <system-out/>
</testsuite> <!-- testRunner.TestRunner -->
