<?xml version="1.0" encoding="UTF-8"?>
<!-- Generated by org.testng.reporters.JUnitReportReporter -->
<testsuite hostname="LAPTOP-R0FI7S9S" failures="0" tests="1" name="testRunner.TestRunner" time="20.054" errors="0" timestamp="2024-01-24T11:15:38 CST" skipped="0">
  <testcase classname="testRunner.TestRunner" name="runScenario" time="20.054"/>
</testsuite> <!-- testRunner.TestRunner -->
